<?xml version="1.0" encoding="UTF-8"?>
<!-- Generated by org.testng.reporters.JUnitReportReporter -->
<testsuite hostname="ip-172-31-21-20" failures="0" tests="1" name="com.simplilearn.TDDWorks.AppTest" time="0.011" errors="0" timestamp="2023-04-22T17:31:54 UTC" skipped="0">
  <testcase classname="com.simplilearn.TDDWorks.AppTest" name="testPassword" time="0.011"/>
  <system-out/>
</testsuite> <!-- com.simplilearn.TDDWorks.AppTest -->
